<?xml version="1.0" encoding="UTF-8"?>
<testsuite name="SolutionTest" tests="1" skipped="0" failures="0" errors="0" timestamp="2022-07-14T18:24:28" hostname="yuanyu-ubuntu" time="11.782">
  <properties/>
  <testcase name="isMatchV1Examples1()" classname="SolutionTest" time="11.782"/>
  <system-out><![CDATA[]]></system-out>
  <system-err><![CDATA[]]></system-err>
</testsuite>
